<?xml version="1.0" encoding="UTF-8"?>
<!-- Generated by org.testng.reporters.JUnitReportReporter -->
<testsuite skipped="0" hostname="vdi-znkz-001" name="testcase.LoginCase" tests="2" failures="0" timestamp="2022-09-21T19:21:53 CST" time="15.830" errors="0">
  <testcase name="validLoginServerCNTest" time="5.167" classname="testcase.LoginCase"/>
  <system-out/>
  <testcase name="invalidLoginServerCNTest" time="10.663" classname="testcase.LoginCase"/>
  <system-out/>
</testsuite> <!-- testcase.LoginCase -->
